# JRE version: OpenJDK Runtime Environment (8.0_242-b01) (build 1.8.0_242-release-1644-b01)
# Java VM: OpenJDK 64-Bit Server VM (25.242-b01 mixed mode windows-amd64 compressed oops)
Heap:
 PSYoungGen      total 551936K, used 178503K [0x00000000d5580000, 0x00000000fd800000, 0x0000000100000000)
  eden space 515072K, 34% used [0x00000000d5580000,0x00000000e03d1f50,0x00000000f4c80000)
  from space 36864K, 0% used [0x00000000fa100000,0x00000000fa100000,0x00000000fc500000)
  to   space 19456K, 0% used [0x00000000fc500000,0x00000000fc500000,0x00000000fd800000)
 ParOldGen       total 585216K, used 277512K [0x0000000080000000, 0x00000000a3b80000, 0x00000000d5580000)
  object space 585216K, 47% used [0x0000000080000000,0x0000000090f02288,0x00000000a3b80000)
 Metaspace       used 101455K, capacity 106708K, committed 106840K, reserved 1142784K
  class space    used 13054K, capacity 14152K, committed 14208K, reserved 1048576K
GC Heap History (10 events):
Event: 203.178 GC heap before
{Heap before GC invocations=12 (full 3):
 PSYoungGen      total 584192K, used 584170K [0x00000000d5580000, 0x00000000fb880000, 0x0000000100000000)
  eden space 558080K, 100% used [0x00000000d5580000,0x00000000f7680000,0x00000000f7680000)
  from space 26112K, 99% used [0x00000000f9700000,0x00000000fb07a900,0x00000000fb080000)
  to   space 33280K, 0% used [0x00000000f7680000,0x00000000f7680000,0x00000000f9700000)
 ParOldGen       total 187904K, used 41378K [0x0000000080000000, 0x000000008b780000, 0x00000000d5580000)
  object space 187904K, 22% used [0x0000000080000000,0x0000000082868b08,0x000000008b780000)
 Metaspace       used 90493K, capacity 95468K, committed 95832K, reserved 1132544K
  class space    used 11816K, capacity 12802K, committed 12928K, reserved 1048576K
Event: 203.254 GC heap after
Heap after GC invocations=12 (full 3):
 PSYoungGen      total 591360K, used 33255K [0x00000000d5580000, 0x0000000100000000, 0x0000000100000000)
  eden space 558080K, 0% used [0x00000000d5580000,0x00000000d5580000,0x00000000f7680000)
  from space 33280K, 99% used [0x00000000f7680000,0x00000000f96f9c08,0x00000000f9700000)
  to   space 41472K, 0% used [0x00000000fd780000,0x00000000fd780000,0x0000000100000000)
 ParOldGen       total 187904K, used 48619K [0x0000000080000000, 0x000000008b780000, 0x00000000d5580000)
  object space 187904K, 25% used [0x0000000080000000,0x0000000082f7ae90,0x000000008b780000)
 Metaspace       used 90493K, capacity 95468K, committed 95832K, reserved 1132544K
  class space    used 11816K, capacity 12802K, committed 12928K, reserved 1048576K
}
Event: 1807.859 GC heap before
{Heap before GC invocations=13 (full 3):
 PSYoungGen      total 591360K, used 414631K [0x00000000d5580000, 0x0000000100000000, 0x0000000100000000)
  eden space 558080K, 68% used [0x00000000d5580000,0x00000000ec9f0218,0x00000000f7680000)
  from space 33280K, 99% used [0x00000000f7680000,0x00000000f96f9c08,0x00000000f9700000)
  to   space 41472K, 0% used [0x00000000fd780000,0x00000000fd780000,0x0000000100000000)
 ParOldGen       total 187904K, used 48619K [0x0000000080000000, 0x000000008b780000, 0x00000000d5580000)
  object space 187904K, 25% used [0x0000000080000000,0x0000000082f7ae90,0x000000008b780000)
 Metaspace       used 92758K, capacity 98212K, committed 98380K, reserved 1134592K
  class space    used 12089K, capacity 13198K, committed 13312K, reserved 1048576K
Event: 1807.884 GC heap after
Heap after GC invocations=13 (full 3):
 PSYoungGen      total 568320K, used 31889K [0x00000000d5580000, 0x00000000ff700000, 0x0000000100000000)
  eden space 536064K, 0% used [0x00000000d5580000,0x00000000d5580000,0x00000000f6100000)
  from space 32256K, 98% used [0x00000000fd780000,0x00000000ff6a4598,0x00000000ff700000)
  to   space 44032K, 0% used [0x00000000fa100000,0x00000000fa100000,0x00000000fcc00000)
 ParOldGen       total 187904K, used 67060K [0x0000000080000000, 0x000000008b780000, 0x00000000d5580000)
  object space 187904K, 35% used [0x0000000080000000,0x000000008417d3f8,0x000000008b780000)
 Metaspace       used 92758K, capacity 98212K, committed 98380K, reserved 1134592K
  class space    used 12089K, capacity 13198K, committed 13312K, reserved 1048576K
}
Event: 1807.884 GC heap before
{Heap before GC invocations=14 (full 4):
 PSYoungGen      total 568320K, used 31889K [0x00000000d5580000, 0x00000000ff700000, 0x0000000100000000)
  eden space 536064K, 0% used [0x00000000d5580000,0x00000000d5580000,0x00000000f6100000)
  from space 32256K, 98% used [0x00000000fd780000,0x00000000ff6a4598,0x00000000ff700000)
  to   space 44032K, 0% used [0x00000000fa100000,0x00000000fa100000,0x00000000fcc00000)
 ParOldGen       total 187904K, used 67060K [0x0000000080000000, 0x000000008b780000, 0x00000000d5580000)
  object space 187904K, 35% used [0x0000000080000000,0x000000008417d3f8,0x000000008b780000)
 Metaspace       used 92758K, capacity 98212K, committed 98380K, reserved 1134592K
  class space    used 12089K, capacity 13198K, committed 13312K, reserved 1048576K
Event: 1808.026 GC heap after
Heap after GC invocations=14 (full 4):
 PSYoungGen      total 568320K, used 0K [0x00000000d5580000, 0x00000000ff700000, 0x0000000100000000)
  eden space 536064K, 0% used [0x00000000d5580000,0x00000000d5580000,0x00000000f6100000)
  from space 32256K, 0% used [0x00000000fd780000,0x00000000fd780000,0x00000000ff700000)
  to   space 44032K, 0% used [0x00000000fa100000,0x00000000fa100000,0x00000000fcc00000)
 ParOldGen       total 220160K, used 59396K [0x0000000080000000, 0x000000008d700000, 0x00000000d5580000)
  object space 220160K, 26% used [0x0000000080000000,0x0000000083a01120,0x000000008d700000)
 Metaspace       used 92414K, capacity 97252K, committed 98380K, reserved 1134592K
  class space    used 11978K, capacity 12988K, committed 13312K, reserved 1048576K
}
Event: 1845.760 GC heap before
{Heap before GC invocations=15 (full 4):
 PSYoungGen      total 568320K, used 536064K [0x00000000d5580000, 0x00000000ff700000, 0x0000000100000000)
  eden space 536064K, 100% used [0x00000000d5580000,0x00000000f6100000,0x00000000f6100000)
  from space 32256K, 0% used [0x00000000fd780000,0x00000000fd780000,0x00000000ff700000)
  to   space 44032K, 0% used [0x00000000fa100000,0x00000000fa100000,0x00000000fcc00000)
 ParOldGen       total 220160K, used 59396K [0x0000000080000000, 0x000000008d700000, 0x00000000d5580000)
  object space 220160K, 26% used [0x0000000080000000,0x0000000083a01120,0x000000008d700000)
 Metaspace       used 100448K, capacity 105598K, committed 106072K, reserved 1140736K
  class space    used 12936K, capacity 14029K, committed 14208K, reserved 1048576K
Event: 1845.880 GC heap after
Heap after GC invocations=15 (full 4):
 PSYoungGen      total 551936K, used 36717K [0x00000000d5580000, 0x00000000fd800000, 0x0000000100000000)
  eden space 515072K, 0% used [0x00000000d5580000,0x00000000d5580000,0x00000000f4c80000)
  from space 36864K, 99% used [0x00000000fa100000,0x00000000fc4db710,0x00000000fc500000)
  to   space 19456K, 0% used [0x00000000fc500000,0x00000000fc500000,0x00000000fd800000)
 ParOldGen       total 628736K, used 467456K [0x0000000080000000, 0x00000000a6600000, 0x00000000d5580000)
  object space 628736K, 74% used [0x0000000080000000,0x000000009c8802c0,0x00000000a6600000)
 Metaspace       used 100448K, capacity 105598K, committed 106072K, reserved 1140736K
  class space    used 12936K, capacity 14029K, committed 14208K, reserved 1048576K
}
Event: 1845.880 GC heap before
{Heap before GC invocations=16 (full 5):
 PSYoungGen      total 551936K, used 36717K [0x00000000d5580000, 0x00000000fd800000, 0x0000000100000000)
  eden space 515072K, 0% used [0x00000000d5580000,0x00000000d5580000,0x00000000f4c80000)
  from space 36864K, 99% used [0x00000000fa100000,0x00000000fc4db710,0x00000000fc500000)
  to   space 19456K, 0% used [0x00000000fc500000,0x00000000fc500000,0x00000000fd800000)
 ParOldGen       total 628736K, used 467456K [0x0000000080000000, 0x00000000a6600000, 0x00000000d5580000)
  object space 628736K, 74% used [0x0000000080000000,0x000000009c8802c0,0x00000000a6600000)
 Metaspace       used 100448K, capacity 105598K, committed 106072K, reserved 1140736K
  class space    used 12936K, capacity 14029K, committed 14208K, reserved 1048576K
Event: 1845.964 GC heap after
Heap after GC invocations=16 (full 5):
 PSYoungGen      total 551936K, used 0K [0x00000000d5580000, 0x00000000fd800000, 0x0000000100000000)
  eden space 515072K, 0% used [0x00000000d5580000,0x00000000d5580000,0x00000000f4c80000)
  from space 36864K, 0% used [0x00000000fa100000,0x00000000fa100000,0x00000000fc500000)
  to   space 19456K, 0% used [0x00000000fc500000,0x00000000fc500000,0x00000000fd800000)
 ParOldGen       total 585216K, used 277512K [0x0000000080000000, 0x00000000a3b80000, 0x00000000d5580000)
  object space 585216K, 47% used [0x0000000080000000,0x0000000090f02288,0x00000000a3b80000)
 Metaspace       used 100444K, capacity 105592K, committed 106072K, reserved 1140736K
  class space    used 12936K, capacity 14028K, committed 14208K, reserved 1048576K
}

